TN:
SF:src/modules/clients/services/clients.service.ts
FN:6,ClientsService
FN:8,create
FN:13,read
FN:17,show
FN:21,update
FN:28,delete
FN:32,exists
FNF:7
FNH:6
FNDA:5,ClientsService
FNDA:1,create
FNDA:1,read
FNDA:1,show
FNDA:1,update
FNDA:1,delete
FNDA:0,exists
DA:1,1
DA:2,1
DA:3,1
DA:4,1
DA:5,1
DA:6,1
DA:7,1
DA:8,1
DA:9,1
DA:10,1
DA:11,1
DA:12,1
DA:13,1
DA:14,1
DA:15,1
DA:16,1
DA:17,1
DA:18,1
DA:19,1
DA:20,1
DA:21,1
DA:22,1
DA:23,1
DA:24,1
DA:25,1
DA:26,1
DA:27,1
DA:28,1
DA:29,1
DA:30,1
DA:31,1
DA:32,1
DA:33,0
DA:34,0
DA:35,0
DA:36,0
DA:37,0
DA:38,1
LF:38
LH:33
BRDA:6,0,0,5
BRDA:8,1,0,1
BRDA:13,2,0,1
BRDA:17,3,0,1
BRDA:21,4,0,1
BRDA:28,5,0,1
BRF:6
BRH:6
end_of_record
TN:
SF:src/modules/reservations/services/reservations.service.ts
FN:6,ReservationsService
FN:8,create
FN:13,read
FN:17,show
FN:21,update
FN:28,delete
FN:32,exists
FNF:7
FNH:7
FNDA:7,ReservationsService
FNDA:1,create
FNDA:1,read
FNDA:1,show
FNDA:1,update
FNDA:1,delete
FNDA:2,exists
DA:1,1
DA:2,1
DA:3,1
DA:4,1
DA:5,1
DA:6,1
DA:7,1
DA:8,1
DA:9,1
DA:10,1
DA:11,1
DA:12,1
DA:13,1
DA:14,1
DA:15,1
DA:16,1
DA:17,1
DA:18,1
DA:19,1
DA:20,1
DA:21,1
DA:22,1
DA:23,1
DA:24,1
DA:25,1
DA:26,1
DA:27,1
DA:28,1
DA:29,1
DA:30,1
DA:31,1
DA:32,1
DA:33,2
DA:34,0
DA:35,0
DA:36,2
DA:37,2
DA:38,1
LF:38
LH:36
BRDA:6,0,0,7
BRDA:8,1,0,1
BRDA:13,2,0,1
BRDA:17,3,0,1
BRDA:21,4,0,1
BRDA:28,5,0,1
BRDA:32,6,0,2
BRDA:33,7,0,0
BRF:8
BRH:7
end_of_record
TN:
SF:src/modules/users/services/users.service.ts
FN:11,UsersService
FN:13,create
FN:25,login
FNF:3
FNH:3
FNDA:4,UsersService
FNDA:1,create
FNDA:3,login
DA:1,1
DA:2,1
DA:3,1
DA:4,1
DA:5,1
DA:6,1
DA:7,1
DA:8,1
DA:9,1
DA:10,1
DA:11,1
DA:12,1
DA:13,1
DA:14,1
DA:15,1
DA:16,1
DA:17,1
DA:18,1
DA:19,1
DA:20,1
DA:21,1
DA:22,1
DA:23,1
DA:24,1
DA:25,1
DA:26,3
DA:27,3
DA:28,3
DA:29,1
DA:30,1
DA:31,1
DA:32,1
DA:33,2
DA:34,2
DA:35,3
DA:36,1
DA:37,1
DA:38,1
DA:39,1
DA:40,1
DA:41,1
DA:42,1
DA:43,1
DA:44,1
DA:45,1
DA:46,1
DA:47,1
DA:48,1
DA:49,1
DA:50,1
DA:51,1
DA:52,1
DA:53,1
DA:54,1
DA:55,1
LF:55
LH:55
BRDA:11,0,0,4
BRDA:13,1,0,1
BRDA:25,2,0,3
BRDA:28,3,0,1
BRDA:33,4,0,2
BRDA:35,5,0,1
BRF:6
BRH:6
end_of_record
TN:
SF:src/shared/middlewares/authMiddleware.ts
FN:10,authMiddleware
FNF:1
FNH:1
FNDA:4,authMiddleware
DA:1,1
DA:2,1
DA:3,1
DA:4,1
DA:5,1
DA:6,1
DA:7,1
DA:8,1
DA:9,1
DA:10,4
DA:11,4
DA:12,4
DA:13,4
DA:14,4
DA:15,4
DA:16,4
DA:17,4
DA:18,4
DA:19,1
DA:20,1
DA:21,3
DA:22,3
DA:23,3
DA:24,3
DA:25,4
DA:26,1
DA:27,1
DA:28,2
DA:29,2
DA:30,2
DA:31,2
DA:32,2
DA:33,2
DA:34,2
DA:35,2
DA:36,2
DA:37,2
DA:38,2
DA:39,2
DA:40,4
DA:41,1
DA:42,1
DA:43,4
LF:43
LH:43
BRDA:10,0,0,4
BRDA:18,1,0,1
BRDA:21,2,0,3
BRDA:25,3,0,1
BRDA:28,4,0,2
BRDA:40,5,0,1
BRF:6
BRH:6
end_of_record
